{
  "RSpec": {
    "coverage": {
      "/Users/paula/Projects/Makers_AirBnB_team5/app.rb": {
        "lines": [
          1,
          1,
          1,
          1,
          1,
          1,
          1,
          null,
          null,
          1,
          null,
          1,
          1,
          1,
          null,
          1,
          3,
          3,
          null,
          null,
          1,
          16,
          null,
          null,
          1,
          2,
          2,
          1,
          1,
          null,
          1,
          1,
          null,
          null,
          null,
          1,
          13,
          null,
          null,
          1,
          12,
          12,
          1,
          1,
          null,
          11,
          11,
          null,
          null,
          null,
          1,
          1,
          null,
          null,
          1,
          2,
          2,
          2,
          null,
          null,
          1,
          31,
          31,
          31,
          null,
          null,
          1,
          2,
          1,
          1,
          null,
          1,
          1,
          1,
          null,
          null,
          null,
          null,
          1,
          14,
          14,
          null,
          null,
          1,
          13,
          1,
          1,
          12,
          1,
          1,
          null,
          11,
          11,
          null,
          null,
          null,
          1,
          7,
          7,
          7,
          null,
          null,
          1,
          5,
          1,
          1,
          4,
          1,
          1,
          null,
          3,
          3,
          3,
          null,
          null,
          1,
          1,
          1,
          1,
          null,
          null,
          1,
          1,
          1,
          1,
          null,
          null,
          1,
          null
        ]
      },
      "/Users/paula/Projects/Makers_AirBnB_team5/lib/setup_database.rb": {
        "lines": [
          1,
          1,
          1,
          null,
          1,
          40,
          40,
          null,
          0,
          null,
          null,
          null,
          1,
          39,
          39,
          null,
          null,
          1,
          39,
          null
        ]
      },
      "/Users/paula/Projects/Makers_AirBnB_team5/lib/database_connection.rb": {
        "lines": [
          1,
          null,
          1,
          null,
          1,
          82,
          null,
          null,
          1,
          218,
          null,
          null,
          1,
          2,
          null,
          null,
          null
        ]
      },
      "/Users/paula/Projects/Makers_AirBnB_team5/lib/user.rb": {
        "lines": [
          1,
          1,
          null,
          1,
          1,
          null,
          1,
          35,
          35,
          null,
          null,
          1,
          19,
          19,
          null,
          null,
          1,
          1,
          1,
          1,
          null,
          null,
          1,
          2,
          2,
          2,
          null,
          null,
          1,
          16,
          16,
          14,
          13,
          null,
          null,
          null,
          1,
          4,
          null,
          null,
          null,
          null
        ]
      },
      "/Users/paula/Projects/Makers_AirBnB_team5/lib/listings.rb": {
        "lines": [
          1,
          1,
          null,
          1,
          1,
          null,
          1,
          59,
          59,
          59,
          59,
          59,
          59,
          59,
          59,
          null,
          null,
          1,
          33,
          33,
          20,
          null,
          null,
          null,
          1,
          2,
          2,
          2,
          null,
          null,
          null,
          null,
          1,
          22,
          22,
          null,
          null,
          1,
          15,
          15,
          15,
          null,
          null,
          null
        ]
      },
      "/Users/paula/Projects/Makers_AirBnB_team5/lib/bookings.rb": {
        "lines": [
          1,
          null,
          1,
          1,
          null,
          1,
          27,
          27,
          27,
          27,
          27,
          27,
          null,
          null,
          1,
          6,
          12,
          null,
          null,
          1,
          9,
          9,
          null,
          null,
          1,
          7,
          7,
          13,
          null,
          null,
          1,
          7,
          7,
          13,
          null,
          null,
          null
        ]
      },
      "/Users/paula/Projects/Makers_AirBnB_team5/spec/features/web_helpers.rb": {
        "lines": [
          null,
          1,
          10,
          10,
          10,
          10,
          10,
          null,
          null,
          1,
          10,
          10,
          10,
          10,
          10,
          10,
          10,
          10,
          null,
          null,
          1,
          2,
          2,
          2,
          2,
          2,
          2,
          2,
          2,
          null,
          null,
          null,
          1,
          1,
          1,
          1,
          1,
          1,
          1,
          1,
          1,
          null
        ]
      },
      "/Users/paula/Projects/Makers_AirBnB_team5/spec/bookings_spec.rb": {
        "lines": [
          1,
          1,
          1,
          1,
          1,
          6,
          6,
          6,
          null,
          1,
          1,
          1,
          1,
          1,
          1,
          1,
          1,
          null,
          null,
          1,
          1,
          1,
          1,
          1,
          null,
          null,
          1,
          1,
          1,
          1,
          null,
          1,
          1,
          1,
          1,
          1,
          1,
          null,
          null,
          1,
          1,
          1,
          1,
          null,
          1,
          1,
          1,
          1,
          1,
          1,
          null,
          null,
          null
        ]
      },
      "/Users/paula/Projects/Makers_AirBnB_team5/spec/database_connection_spec.rb": {
        "lines": [
          1,
          null,
          1,
          4,
          1,
          1,
          1,
          1,
          null,
          null,
          1,
          1,
          1,
          1,
          null,
          null,
          1,
          1,
          1,
          1,
          1,
          null,
          null,
          null
        ]
      },
      "/Users/paula/Projects/Makers_AirBnB_team5/spec/features/add_listing_spec.rb": {
        "lines": [
          1,
          1,
          null,
          1,
          1,
          null,
          1,
          1,
          1,
          1,
          1,
          null,
          null,
          1,
          null,
          1,
          1,
          null,
          1,
          null,
          null,
          1,
          null,
          1,
          1,
          1,
          1,
          null,
          null
        ]
      },
      "/Users/paula/Projects/Makers_AirBnB_team5/spec/features/booking_spec.rb": {
        "lines": [
          1,
          1,
          1,
          1,
          1,
          1,
          1,
          1,
          1,
          1,
          null,
          1,
          1,
          1,
          1,
          1,
          1,
          1,
          1,
          1,
          1,
          null,
          null,
          1,
          1,
          1,
          1,
          1,
          1,
          1,
          1,
          null,
          null
        ]
      },
      "/Users/paula/Projects/Makers_AirBnB_team5/spec/features/bookinglist_spec.rb": {
        "lines": [
          1,
          1,
          1,
          1,
          1,
          1,
          1,
          1,
          1,
          1,
          1,
          1,
          1,
          null,
          null
        ]
      },

      "/Users/paula/Projects/Makers_AirBnB_team5/spec/features/test_spec.rb": {

        "lines": [
          1,
          1,
          1,
          1,
          null,
          null
        ]
      },
      "/Users/paula/Projects/Makers_AirBnB_team5/spec/features/user_login_spec.rb": {
        "lines": [
          1,
          1,
          1,
          1,
          1,
          1,
          1,
          1,
          null,
          null,
          1,
          1,
          1,
          1,
          1,
          1,
          1,
          null,
          null,
          null
        ]
      },
      "/Users/paula/Projects/Makers_AirBnB_team5/spec/features/user_logout_spec.rb": {
        "lines": [
          null,
          1,
          1,
          1,
          1,
          1,
          null,
          null,
          null
        ]
      },
      "/Users/paula/Projects/Makers_AirBnB_team5/spec/features/user_sign_up_spec.rb": {
        "lines": [
          1,
          1,
          1,
          1,
          1,
          1,
          1,
          1,
          1,
          null,
          null,
          1,
          1,
          1,
          1,
          1,
          1,
          1,
          1,
          null,
          null,
          null
        ]
      },
      "/Users/paula/Projects/Makers_AirBnB_team5/spec/features/view_listings_spec.rb": {
        "lines": [
          1,
          1,
          1,
          1,
          1,
          1,
          1,
          null,
          null,
          1,
          1,
          1,
          1,
          1,
          1,
          1,
          null,
          1,
          1,
          null,
          null,
          1,
          null,
          1,
          1,
          null,
          1,
          1,
          null,
          1,
          null,
          1,
          1,
          null,
          null,
          null,
          1,
          1,
          1,
          1,
          1,
          null,
          1,
          null,
          null,
          null,
          null,
          null,
          null
        ]
      },
      "/Users/paula/Projects/Makers_AirBnB_team5/spec/listings_spec.rb": {
        "lines": [
          1,
          1,
          null,
          1,
          1,
          4,
          null,
          1,
          1,
          1,
          1,
          1,
          1,
          1,
          1,
          1,
          1,
          null,
          null,
          null,
          1,
          1,
          1,
          1,
          null,
          1,
          1,
          1,
          null,
          null,
          null,
          null,
          1,
          1,
          1,
          null,
          1,
          null,
          1,
          null,
          1,
          1,
          1,
          null,
          null,
          null,
          null,
          1,
          1,
          1,
          null,
          null,
          1,
          1,
          1,
          1,
          1,
          1,
          1,
          null,
          null,
          null
        ]
      },
      "/Users/paula/Projects/Makers_AirBnB_team5/spec/user_spec.rb": {
        "lines": [
          1,
          null,
          1,
          null,
          1,
          1,
          1,
          1,
          1,
          1,
          1,
          1,
          null,
          null,
          1,
          1,
          1,
          1,
          null,
          null,
          1,
          1,
          1,
          1,
          null,
          null,
          null,
          1,
          1,
          1,
          1,
          1,
          null,
          1,
          1,
          null,
          1,
          1,
          1,
          null,
          null,
          null,
          1,
          null,
          1,
          1,
          null,
          1,
          1,
          null,
          null,
          null,
          null
        ]
      }
    },

    "timestamp": 1605280477

  }
}
