{
  "RSpec": {
    "coverage": {
      "/Users/esthermakers/Documents/Projects/WEEK 7/Makers_AirBnB_team5/app.rb": {
        "lines": [
          1,
          1,
          1,
          1,
          1,
          null,
          1,
          null,
          1,
          1,
          1,
          null,
          1,
          1,
          null,
          null,
          1,
          11,
          null,
          null,
          1,
          2,
          2,
          1,
          1,
          null,
          1,
          1,
          null,
          null,
          null,
          1,
          9,
          null,
          null,
          1,
          7,
          7,
          1,
          1,
          null,
          6,
          6,
          null,
          null,
          null,
          1,
          1,
          null,
          null,
          1,
          1,
          1,
          1,
          null,
          null,
          1,
          14,
          14,
          null,
          null,
          1,
          2,
          1,
          1,
          null,
          1,
          1,
          null,
          null,
          null,
          null,
          1,
          8,
          null,
          null,
          1,
          7,
          1,
          1,
          6,
          1,
          1,
          null,
          5,
          5,
          null,
          null,
          null,
          1,
          null
        ]
      },
      "/Users/esthermakers/Documents/Projects/WEEK 7/Makers_AirBnB_team5/lib/setup_database.rb": {
        "lines": [
          1,
          1,
          1,
          null,
          1,
          26,
          26,
          null,
          0,
          null,
          null,
          null,
          1,
          25,
          25,
          null,
          null,
          1,
          25,
          null
        ]
      },
      "/Users/esthermakers/Documents/Projects/WEEK 7/Makers_AirBnB_team5/lib/database_connection.rb": {
        "lines": [
          1,
          null,
          1,
          null,
          1,
          54,
          null,
          null,
          1,
          99,
          null,
          null,
          1,
          2,
          null,
          null,
          null
        ]
      },
      "/Users/esthermakers/Documents/Projects/WEEK 7/Makers_AirBnB_team5/lib/user.rb": {
        "lines": [
          1,
          1,
          null,
          1,
          1,
          null,
          1,
          18,
          18,
          null,
          null,
          1,
          9,
          9,
          null,
          null,
          1,
          1,
          1,
          1,
          null,
          null,
          1,
          11,
          11,
          9,
          8,
          null,
          null,
          null,
          1,
          4,
          null,
          null,
          null,
          null
        ]
      },
      "/Users/esthermakers/Documents/Projects/WEEK 7/Makers_AirBnB_team5/lib/listings.rb": {
        "lines": [
          1,
          1,
          null,
          1,
          1,
          null,
          1,
          20,
          20,
          20,
          20,
          20,
          20,
          20,
          null,
          null,
          1,
          16,
          16,
          9,
          null,
          null,
          null,
          1,
          2,
          2,
          2,
          2,
          2,
          null,
          null,
          null,
          1,
          9,
          9,
          null,
          null,
          null,
          null,
          null,
          null,
          null
        ]
      },
      "/Users/esthermakers/Documents/Projects/WEEK 7/Makers_AirBnB_team5/spec/features/web_helpers.rb": {
        "lines": [
          null,
          1,
          5,
          5,
          5,
          5,
          5,
          null,
          null,
          1,
          5,
          5,
          5,
          5,
          5,
          5,
          5,
          5,
          null,
          null,
          1,
          1,
          1,
          1,
          1,
          1,
          1,
          1,
          1,
          null,
          null,
          null,
          1,
          1,
          1,
          1,
          1,
          1,
          1,
          1,
          1,
          null
        ]
      },
      "/Users/esthermakers/Documents/Projects/WEEK 7/Makers_AirBnB_team5/spec/database_connection_spec.rb": {
        "lines": [
          1,
          null,
          1,
          4,
          1,
          1,
          1,
          1,
          null,
          null,
          1,
          1,
          1,
          1,
          null,
          null,
          1,
          1,
          1,
          1,
          1,
          null,
          null,
          null
        ]
      },
      "/Users/esthermakers/Documents/Projects/WEEK 7/Makers_AirBnB_team5/spec/features/add_listing_spec.rb": {
        "lines": [
          1,
          1,
          null,
          1,
          1,
          null,
          1,
          null,
          null,
          1,
          null,
          1,
          1,
          null,
          1,
          null,
          null,
          1,
          null,
          1,
          1,
          1,
          1,
          null,
          null
        ]
      },
      "/Users/esthermakers/Documents/Projects/WEEK 7/Makers_AirBnB_team5/spec/features/test_spec.rb": {
        "lines": [
          1,
          1,
          1,
          1,
          null,
          null
        ]
      },
      "/Users/esthermakers/Documents/Projects/WEEK 7/Makers_AirBnB_team5/spec/features/user_login_spec.rb": {
        "lines": [
          1,
          1,
          1,
          1,
          1,
          1,
          1,
          1,
          null,
          null,
          1,
          1,
          1,
          1,
          1,
          1,
          1,
          null,
          null,
          null
        ]
      },
      "/Users/esthermakers/Documents/Projects/WEEK 7/Makers_AirBnB_team5/spec/features/user_logout_spec.rb": {
        "lines": [
          null,
          1,
          1,
          1,
          1,
          1,
          null,
          null,
          null
        ]
      },
      "/Users/esthermakers/Documents/Projects/WEEK 7/Makers_AirBnB_team5/spec/features/user_sign_up_spec.rb": {
        "lines": [
          1,
          1,
          1,
          1,
          1,
          1,
          1,
          1,
          1,
          null,
          null,
          1,
          1,
          1,
          1,
          1,
          1,
          1,
          1,
          null,
          null,
          null
        ]
      },
      "/Users/esthermakers/Documents/Projects/WEEK 7/Makers_AirBnB_team5/spec/features/view_listings_spec.rb": {
        "lines": [
          1,
          1,
          1,
          1,
          1,
          null,
          null,
          1,
          1,
          1,
          1,
          1,
          1,
          1,
          null,
          1,
          1,
          null,
          null,
          1,
          1,
          1,
          1,
          1,
          1,
          null,
          1,
          null,
          null,
          null,
          null,
          null
        ]
      },
      "/Users/esthermakers/Documents/Projects/WEEK 7/Makers_AirBnB_team5/spec/listings_spec.rb": {
        "lines": [
          1,
          1,
          null,
          1,
          1,
          3,
          null,
          1,
          1,
          1,
          1,
          1,
          1,
          1,
          1,
          1,
          1,
          null,
          null,
          null,
          1,
          1,
          1,
          1,
          null,
          1,
          1,
          1,
          null,
          null,
          null,
          null,
          1,
          1,
          1,
          null,
          1,
          null,
          1,
          null,
          1,
          1,
          1,
          null,
          null,
          null,
          null
        ]
      },
      "/Users/esthermakers/Documents/Projects/WEEK 7/Makers_AirBnB_team5/spec/user_spec.rb": {
        "lines": [
          1,
          null,
          1,
          null,
          1,
          1,
          1,
          1,
          1,
          1,
          1,
          1,
          null,
          null,
          1,
          1,
          1,
          1,
          null,
          null,
          null,
          1,
          1,
          1,
          1,
          1,
          null,
          1,
          1,
          null,
          1,
          1,
          1,
          null,
          null,
          null,
          1,
          null,
          1,
          1,
          null,
          1,
          1,
          null,
          null,
          null,
          null
        ]
      }
    },
    "timestamp": 1605112249
  }
}
